<?xml version="1.0" encoding="UTF-8"?>
<testsuite xmlns:xsi="http://www.w3.org/2001/XMLSchema-instance" xsi:noNamespaceSchemaLocation="https://maven.apache.org/surefire/maven-surefire-plugin/xsd/surefire-test-report.xsd" name="com.in.fmc.userservice.TestSuiteClass" time="0" tests="6" errors="0" skipped="0" failures="0">
  <properties>
[...]
</properties>
  <testcase name="loginTest" classname="com.in.fmc.userservice.services.LoginAndRegisterServiceImplTest" time="0"/>
  <testcase name="registerInValidTest" classname="com.in.fmc.userservice.services.LoginAndRegisterServiceImplTest" time="0"/>
  <testcase name="registerValidTest" classname="com.in.fmc.userservice.services.LoginAndRegisterServiceImplTest" time="0"/>
  <testcase name="loginInvalidTest" classname="com.in.fmc.userservice.services.LoginAndRegisterServiceImplTest" time="0"/>
  <testcase name="secureHashTest" classname="com.in.fmc.userservice.utils.UtilsTest" time="0"/>
  <testcase name="contextLoads" classname="com.in.fmc.userservice.UserServiceApplicationTests" time="0"/>
</testsuite>